<?xml version="1.0" encoding="UTF-8"?>
<testsuite xmlns:xsi="http://www.w3.org/2001/XMLSchema-instance" xsi:noNamespaceSchemaLocation="https://maven.apache.org/surefire/maven-surefire-plugin/xsd/surefire-test-report.xsd" name="regex.UnitTest" time="0.086" tests="4" errors="0" skipped="0" failures="0">
  <properties>
[...]
</properties>
  <testcase name="NFAGraph1{String}[1]" classname="regex.UnitTest" time="0.035"/>
  <testcase name="NFAGraph1{String}[2]" classname="regex.UnitTest" time="0.001"/>
  <testcase name="NFAGraph1{String}[3]" classname="regex.UnitTest" time="0"/>
  <testcase name="NFAGraph1{String}[4]" classname="regex.UnitTest" time="0.001"/>
</testsuite>